<?xml version="1.0" encoding="UTF-8"?>
<!-- Generated by org.testng.reporters.JUnitXMLReporter -->
<testsuite ignored="0" hostname="DESKTOP-7Q17T1A" failures="0" tests="4" name="Default test" time="93.724" errors="0" timestamp="2023-12-29T16:51:49 IST">
  <testcase classname="testing.Login_test" name="login_btn" time="20.679"/>
  <testcase classname="testing.Login_test" name="email" time="1.912"/>
  <testcase classname="testing.Login_test" name="password" time="0.651"/>
  <testcase classname="testing.Login_test" name="sign" time="19.033"/>
</testsuite> <!-- Default test -->
