<?xml version="1.0" encoding="UTF-8"?>
<!-- Generated by org.testng.reporters.JUnitXMLReporter -->
<testsuite ignored="0" hostname="DESKTOP-7Q17T1A" failures="0" tests="4" name="Default test" time="173.497" errors="0" timestamp="2024-01-09T11:36:16 IST">
  <testcase classname="testing.Login_test" name="login_btn" time="58.512"/>
  <testcase classname="testing.Login_test" name="email" time="0.366"/>
  <testcase classname="testing.Login_test" name="password" time="0.211"/>
  <testcase classname="testing.Login_test" name="sign" time="0.338"/>
</testsuite> <!-- Default test -->
