<?xml version="1.0" encoding="UTF-8"?>
<!-- Generated by org.testng.reporters.JUnitXMLReporter -->
<testsuite ignored="0" hostname="DESKTOP-7Q17T1A" failures="0" tests="4" name="Test" time="40.669" errors="0" timestamp="2024-01-02T11:21:17 IST">
  <testcase classname="testing.Login_test" name="login_btn" time="4.554"/>
  <testcase classname="testing.Login_test" name="email" time="1.307"/>
  <testcase classname="testing.Login_test" name="password" time="0.418"/>
  <testcase classname="testing.Login_test" name="sign" time="0.757"/>
</testsuite> <!-- Test -->
