<?xml version="1.0" encoding="UTF-8"?>
<!-- Generated by org.testng.reporters.JUnitXMLReporter -->
<testsuite ignored="0" hostname="DESKTOP-7Q17T1A" failures="0" tests="4" name="Test" time="6.937" errors="0" timestamp="2024-01-05T13:21:18 IST">
  <testcase classname="testing.Login_test" name="@BeforeClass openbrowser" time="6.738">
    <failure type="org.openqa.selenium.NoSuchWindowException" message="no such window: target window already closed
from unknown error: web view not found
  (Session info: chrome=120.0.6099.130)
Build info: version: &amp;apos;4.11.0&amp;apos;, revision: &amp;apos;040bc5406b&amp;apos;
System info: os.name: &amp;apos;Windows 10&amp;apos;, os.arch: &amp;apos;amd64&amp;apos;, os.version: &amp;apos;10.0&amp;apos;, java.version: &amp;apos;19.0.2&amp;apos;
Driver info: org.openqa.selenium.chrome.ChromeDriver
Command: [41637bf6d83ef20f0104359bc4875b33, maximizeCurrentWindow {}]
Capabilities {acceptInsecureCerts: false, browserName: chrome, browserVersion: 120.0.6099.130, chrome: {chromedriverVersion: 120.0.6099.109 (3419140ab66..., userDataDir: C:\Users\ADMIN\AppData\Loca...}, fedcm:accounts: true, goog:chromeOptions: {debuggerAddress: localhost:52543}, networkConnectionEnabled: false, pageLoadStrategy: normal, platformName: windows, proxy: Proxy(), se:cdp: ws://localhost:52543/devtoo..., se:cdpVersion: 120.0.6099.130, setWindowRect: true, strictFileInteractability: false, timeouts: {implicit: 0, pageLoad: 300000, script: 30000}, unhandledPromptBehavior: dismiss and notify, webauthn:extension:credBlob: true, webauthn:extension:largeBlob: true, webauthn:extension:minPinLength: true, webauthn:extension:prf: true, webauthn:virtualAuthenticators: true}
Session ID: 41637bf6d83ef20f0104359bc4875b33">
      <![CDATA[org.openqa.selenium.NoSuchWindowException: no such window: target window already closed
from unknown error: web view not found
  (Session info: chrome=120.0.6099.130)
Build info: version: '4.11.0', revision: '040bc5406b'
System info: os.name: 'Windows 10', os.arch: 'amd64', os.version: '10.0', java.version: '19.0.2'
Driver info: org.openqa.selenium.chrome.ChromeDriver
Command: [41637bf6d83ef20f0104359bc4875b33, maximizeCurrentWindow {}]
Capabilities {acceptInsecureCerts: false, browserName: chrome, browserVersion: 120.0.6099.130, chrome: {chromedriverVersion: 120.0.6099.109 (3419140ab66..., userDataDir: C:\Users\ADMIN\AppData\Loca...}, fedcm:accounts: true, goog:chromeOptions: {debuggerAddress: localhost:52543}, networkConnectionEnabled: false, pageLoadStrategy: normal, platformName: windows, proxy: Proxy(), se:cdp: ws://localhost:52543/devtoo..., se:cdpVersion: 120.0.6099.130, setWindowRect: true, strictFileInteractability: false, timeouts: {implicit: 0, pageLoad: 300000, script: 30000}, unhandledPromptBehavior: dismiss and notify, webauthn:extension:credBlob: true, webauthn:extension:largeBlob: true, webauthn:extension:minPinLength: true, webauthn:extension:prf: true, webauthn:virtualAuthenticators: true}
Session ID: 41637bf6d83ef20f0104359bc4875b33
at org.openqa.selenium.remote.codec.w3c.W3CHttpResponseCodec.createException(W3CHttpResponseCodec.java:200)
at org.openqa.selenium.remote.codec.w3c.W3CHttpResponseCodec.decode(W3CHttpResponseCodec.java:133)
at org.openqa.selenium.remote.codec.w3c.W3CHttpResponseCodec.decode(W3CHttpResponseCodec.java:52)
at org.openqa.selenium.remote.HttpCommandExecutor.execute(HttpCommandExecutor.java:191)
at org.openqa.selenium.remote.service.DriverCommandExecutor.invokeExecute(DriverCommandExecutor.java:196)
at org.openqa.selenium.remote.service.DriverCommandExecutor.execute(DriverCommandExecutor.java:171)
at org.openqa.selenium.remote.RemoteWebDriver.execute(RemoteWebDriver.java:518)
at org.openqa.selenium.remote.RemoteWebDriver.execute(RemoteWebDriver.java:591)
at org.openqa.selenium.remote.RemoteWebDriver.execute(RemoteWebDriver.java:595)
at org.openqa.selenium.remote.RemoteWebDriver$RemoteWebDriverOptions$RemoteWindow.maximize(RemoteWebDriver.java:978)
at Base.browser.launchurl(browser.java:40)
at testing.Login_test.openbrowser(Login_test.java:35)
at java.base/java.util.ArrayList.forEach(ArrayList.java:1511)
... Removed 26 stack frames]]>
    </failure>
  </testcase> <!-- @BeforeClass openbrowser -->
  <testcase classname="testing.Login_test" name="@AfterMethod getResult" time="-1.704441077873E9">
    <skipped/>
  </testcase> <!-- @AfterMethod getResult -->
  <testcase classname="testing.Login_test" name="@AfterMethod getResult" time="-1.704441077899E9">
    <skipped/>
  </testcase> <!-- @AfterMethod getResult -->
  <testcase classname="testing.Login_test" name="@AfterMethod getResult" time="-1.704441077918E9">
    <skipped/>
  </testcase> <!-- @AfterMethod getResult -->
  <testcase classname="testing.Login_test" name="@AfterMethod getResult" time="-1.704441077954E9">
    <skipped/>
  </testcase> <!-- @AfterMethod getResult -->
  <testcase classname="testing.Login_test" name="@AfterTest endReport" time="-1.704441077968E9">
    <skipped/>
  </testcase> <!-- @AfterTest endReport -->
  <testcase classname="testing.Login_test" name="login_btn" time="0.0">
    <skipped/>
  </testcase> <!-- login_btn -->
  <testcase classname="testing.Login_test" name="email" time="0.0">
    <skipped/>
  </testcase> <!-- email -->
  <testcase classname="testing.Login_test" name="password" time="0.0">
    <skipped/>
  </testcase> <!-- password -->
  <testcase classname="testing.Login_test" name="sign" time="0.0">
    <skipped/>
  </testcase> <!-- sign -->
</testsuite> <!-- Test -->
